This is pdfTeX, Version 3.14159265-2.6-1.40.16 (TeX Live 2015) (preloaded format=pdflatex 2016.2.16)  15 MAR 2016 05:31
entering extended mode
 restricted \write18 enabled.
 file:line:error style messages enabled.
 %&-line parsing enabled.
**IEEE_a57816_tp2.tex
(./IEEE_a57816_tp2.tex
LaTeX2e <2015/01/01>
Babel <3.9l> and hyphenation patterns for 79 languages loaded.
(./IEEEtran.cls
Document Class: IEEEtran 2015/08/26 V1.8b by Michael Shell
-- See the "IEEEtran_HOWTO" manual for usage information.
-- http://www.michaelshell.org/tex/ieeetran/
\@IEEEtrantmpdimenA=\dimen102
\@IEEEtrantmpdimenB=\dimen103
\@IEEEtrantmpdimenC=\dimen104
\@IEEEtrantmpcountA=\count79
\@IEEEtrantmpcountB=\count80
\@IEEEtrantmpcountC=\count81
\@IEEEtrantmptoksA=\toks14
LaTeX Font Info:    Try loading font information for OT1+ptm on input line 503.

(/usr/local/texlive/2015/texmf-dist/tex/latex/psnfss/ot1ptm.fd
File: ot1ptm.fd 2001/06/04 font definitions for OT1/ptm.
)
-- Using IEEE Computer Society mode.
-- Using 8.5in x 11in (letter) paper.
-- Using PDF output.
\@IEEEnormalsizeunitybaselineskip=\dimen105
-- This is a 10 point document.
\CLASSINFOnormalsizebaselineskip=\dimen106
\CLASSINFOnormalsizeunitybaselineskip=\dimen107
\IEEEnormaljot=\dimen108
LaTeX Font Info:    Font shape `OT1/ptm/bx/n' in size <5.01874> not available
(Font)              Font shape `OT1/ptm/b/n' tried instead on input line 1090.
LaTeX Font Info:    Font shape `OT1/ptm/bx/it' in size <5.01874> not available
(Font)              Font shape `OT1/ptm/b/it' tried instead on input line 1090.

LaTeX Font Info:    Font shape `OT1/ptm/bx/n' in size <7.02625> not available
(Font)              Font shape `OT1/ptm/b/n' tried instead on input line 1090.
LaTeX Font Info:    Font shape `OT1/ptm/bx/it' in size <7.02625> not available
(Font)              Font shape `OT1/ptm/b/it' tried instead on input line 1090.

LaTeX Font Info:    Font shape `OT1/ptm/bx/n' in size <8.03> not available
(Font)              Font shape `OT1/ptm/b/n' tried instead on input line 1090.
LaTeX Font Info:    Font shape `OT1/ptm/bx/it' in size <8.03> not available
(Font)              Font shape `OT1/ptm/b/it' tried instead on input line 1090.

LaTeX Font Info:    Font shape `OT1/ptm/bx/n' in size <9.03374> not available
(Font)              Font shape `OT1/ptm/b/n' tried instead on input line 1090.
LaTeX Font Info:    Font shape `OT1/ptm/bx/it' in size <9.03374> not available
(Font)              Font shape `OT1/ptm/b/it' tried instead on input line 1090.

LaTeX Font Info:    Font shape `OT1/ptm/bx/n' in size <10.03749> not available
(Font)              Font shape `OT1/ptm/b/n' tried instead on input line 1090.
LaTeX Font Info:    Font shape `OT1/ptm/bx/it' in size <10.03749> not available

(Font)              Font shape `OT1/ptm/b/it' tried instead on input line 1090.

LaTeX Font Info:    Font shape `OT1/ptm/bx/n' in size <11.04124> not available
(Font)              Font shape `OT1/ptm/b/n' tried instead on input line 1090.
LaTeX Font Info:    Font shape `OT1/ptm/bx/it' in size <11.04124> not available

(Font)              Font shape `OT1/ptm/b/it' tried instead on input line 1090.

LaTeX Font Info:    Font shape `OT1/ptm/bx/n' in size <12.045> not available
(Font)              Font shape `OT1/ptm/b/n' tried instead on input line 1090.
LaTeX Font Info:    Font shape `OT1/ptm/bx/it' in size <12.045> not available
(Font)              Font shape `OT1/ptm/b/it' tried instead on input line 1090.

LaTeX Font Info:    Font shape `OT1/ptm/bx/n' in size <17.06374> not available
(Font)              Font shape `OT1/ptm/b/n' tried instead on input line 1090.
LaTeX Font Info:    Font shape `OT1/ptm/bx/it' in size <17.06374> not available

(Font)              Font shape `OT1/ptm/b/it' tried instead on input line 1090.

LaTeX Font Info:    Font shape `OT1/ptm/bx/n' in size <20.075> not available
(Font)              Font shape `OT1/ptm/b/n' tried instead on input line 1090.
LaTeX Font Info:    Font shape `OT1/ptm/bx/it' in size <20.075> not available
(Font)              Font shape `OT1/ptm/b/it' tried instead on input line 1090.

LaTeX Font Info:    Font shape `OT1/ptm/bx/n' in size <24.09> not available
(Font)              Font shape `OT1/ptm/b/n' tried instead on input line 1090.
LaTeX Font Info:    Font shape `OT1/ptm/bx/it' in size <24.09> not available
(Font)              Font shape `OT1/ptm/b/it' tried instead on input line 1090.

\IEEEquantizedlength=\dimen109
\IEEEquantizedlengthdiff=\dimen110
\IEEEquantizedtextheightdiff=\dimen111
\IEEEilabelindentA=\dimen112
\IEEEilabelindentB=\dimen113
\IEEEilabelindent=\dimen114
\IEEEelabelindent=\dimen115
\IEEEdlabelindent=\dimen116
\IEEElabelindent=\dimen117
\IEEEiednormlabelsep=\dimen118
\IEEEiedmathlabelsep=\dimen119
\IEEEiedtopsep=\skip41
\c@section=\count82
\c@subsection=\count83
\c@subsubsection=\count84
\c@paragraph=\count85
\c@IEEEsubequation=\count86
\abovecaptionskip=\skip42
\belowcaptionskip=\skip43
\c@figure=\count87
\c@table=\count88
\@IEEEeqnnumcols=\count89
\@IEEEeqncolcnt=\count90
\@IEEEsubeqnnumrollback=\count91
\@IEEEquantizeheightA=\dimen120
\@IEEEquantizeheightB=\dimen121
\@IEEEquantizeheightC=\dimen122
\@IEEEquantizeprevdepth=\dimen123
\@IEEEquantizemultiple=\count92
\@IEEEquantizeboxA=\box26
\@IEEEtmpitemindent=\dimen124
\IEEEPARstartletwidth=\dimen125
\c@IEEEbiography=\count93
\@IEEEtranrubishbin=\box27
) (/usr/local/texlive/2015/texmf-dist/tex/latex/graphics/graphicx.sty
Package: graphicx 2014/10/28 v1.0g Enhanced LaTeX Graphics (DPC,SPQR)

(/usr/local/texlive/2015/texmf-dist/tex/latex/graphics/keyval.sty
Package: keyval 2014/10/28 v1.15 key=value parser (DPC)
\KV@toks@=\toks15
)
(/usr/local/texlive/2015/texmf-dist/tex/latex/graphics/graphics.sty
Package: graphics 2014/10/28 v1.0p Standard LaTeX Graphics (DPC,SPQR)

(/usr/local/texlive/2015/texmf-dist/tex/latex/graphics/trig.sty
Package: trig 1999/03/16 v1.09 sin cos tan (DPC)
)
(/usr/local/texlive/2015/texmf-dist/tex/latex/latexconfig/graphics.cfg
File: graphics.cfg 2010/04/23 v1.9 graphics configuration of TeX Live
)
Package graphics Info: Driver file: pdftex.def on input line 94.

(/usr/local/texlive/2015/texmf-dist/tex/latex/pdftex-def/pdftex.def
File: pdftex.def 2011/05/27 v0.06d Graphics/color for pdfTeX

(/usr/local/texlive/2015/texmf-dist/tex/generic/oberdiek/infwarerr.sty
Package: infwarerr 2010/04/08 v1.3 Providing info/warning/error messages (HO)
)
(/usr/local/texlive/2015/texmf-dist/tex/generic/oberdiek/ltxcmds.sty
Package: ltxcmds 2011/11/09 v1.22 LaTeX kernel commands for general use (HO)
)
\Gread@gobject=\count94
))
\Gin@req@height=\dimen126
\Gin@req@width=\dimen127
)
(/usr/local/texlive/2015/texmf-dist/tex/latex/oberdiek/epstopdf.sty
Package: epstopdf 2010/02/09 v2.5 Conversion with epstopdf on the fly (HO)

(/usr/local/texlive/2015/texmf-dist/tex/latex/oberdiek/epstopdf-base.sty
Package: epstopdf-base 2010/02/09 v2.5 Base part for package epstopdf

(/usr/local/texlive/2015/texmf-dist/tex/latex/oberdiek/grfext.sty
Package: grfext 2010/08/19 v1.1 Manage graphics extensions (HO)

(/usr/local/texlive/2015/texmf-dist/tex/generic/oberdiek/kvdefinekeys.sty
Package: kvdefinekeys 2011/04/07 v1.3 Define keys (HO)
))
(/usr/local/texlive/2015/texmf-dist/tex/latex/oberdiek/kvoptions.sty
Package: kvoptions 2011/06/30 v3.11 Key value format for package options (HO)

(/usr/local/texlive/2015/texmf-dist/tex/generic/oberdiek/kvsetkeys.sty
Package: kvsetkeys 2012/04/25 v1.16 Key value parser (HO)

(/usr/local/texlive/2015/texmf-dist/tex/generic/oberdiek/etexcmds.sty
Package: etexcmds 2011/02/16 v1.5 Avoid name clashes with e-TeX commands (HO)

(/usr/local/texlive/2015/texmf-dist/tex/generic/oberdiek/ifluatex.sty
Package: ifluatex 2010/03/01 v1.3 Provides the ifluatex switch (HO)
Package ifluatex Info: LuaTeX not detected.
)
Package etexcmds Info: Could not find \expanded.
(etexcmds)             That can mean that you are not using pdfTeX 1.50 or
(etexcmds)             that some package has redefined \expanded.
(etexcmds)             In the latter case, load this package earlier.
)))
(/usr/local/texlive/2015/texmf-dist/tex/generic/oberdiek/pdftexcmds.sty
Package: pdftexcmds 2011/11/29 v0.20 Utility functions of pdfTeX for LuaTeX (HO
)

(/usr/local/texlive/2015/texmf-dist/tex/generic/oberdiek/ifpdf.sty
Package: ifpdf 2011/01/30 v2.3 Provides the ifpdf switch (HO)
Package ifpdf Info: pdfTeX in PDF mode is detected.
)
Package pdftexcmds Info: LuaTeX not detected.
Package pdftexcmds Info: \pdf@primitive is available.
Package pdftexcmds Info: \pdf@ifprimitive is available.
Package pdftexcmds Info: \pdfdraftmode found.
)
Package grfext Info: Graphics extension search list:
(grfext)             [.png,.pdf,.jpg,.mps,.jpeg,.jbig2,.jb2,.PNG,.PDF,.JPG,.JPE
G,.JBIG2,.JB2,.eps]
(grfext)             \AppendGraphicsExtensions on input line 452.

(/usr/local/texlive/2015/texmf-dist/tex/latex/latexconfig/epstopdf-sys.cfg
File: epstopdf-sys.cfg 2010/07/13 v1.3 Configuration of (r)epstopdf for TeX Liv
e
)))
(/usr/local/texlive/2015/texmf-dist/tex/latex/url/url.sty
\Urlmuskip=\muskip10
Package: url 2013/09/16  ver 3.4  Verb mode for urls, etc.
)
(/usr/local/texlive/2015/texmf-dist/tex/latex/tools/multicol.sty
Package: multicol 2015/03/31 v1.8m multicolumn formatting (FMi)
\c@tracingmulticols=\count95
\mult@box=\box28
\multicol@leftmargin=\dimen128
\c@unbalance=\count96
\c@collectmore=\count97
\doublecol@number=\count98
\multicoltolerance=\count99
\multicolpretolerance=\count100
\full@width=\dimen129
\page@free=\dimen130
\premulticols=\dimen131
\postmulticols=\dimen132
\multicolsep=\skip44
\multicolbaselineskip=\skip45
\partial@page=\box29
\last@line=\box30
\maxbalancingoverflow=\dimen133
\mult@rightbox=\box31
\mult@grightbox=\box32
\mult@gfirstbox=\box33
\mult@firstbox=\box34
\@tempa=\box35
\@tempa=\box36
\@tempa=\box37
\@tempa=\box38
\@tempa=\box39
\@tempa=\box40
\@tempa=\box41
\@tempa=\box42
\@tempa=\box43
\@tempa=\box44
\@tempa=\box45
\@tempa=\box46
\@tempa=\box47
\@tempa=\box48
\@tempa=\box49
\@tempa=\box50
\@tempa=\box51
\c@columnbadness=\count101
\c@finalcolumnbadness=\count102
\last@try=\dimen134
\multicolovershoot=\dimen135
\multicolundershoot=\dimen136
\mult@nat@firstbox=\box52
\colbreak@box=\box53
\mc@col@check@num=\count103
)
(/usr/local/texlive/2015/texmf-dist/tex/latex/cite/cite.sty
LaTeX Info: Redefining \cite on input line 302.
LaTeX Info: Redefining \nocite on input line 332.
Package: cite 2015/02/27  v 5.5
)
(/usr/local/texlive/2015/texmf-dist/tex/latex/base/inputenc.sty
Package: inputenc 2015/03/17 v1.2c Input encoding file
\inpenc@prehook=\toks16
\inpenc@posthook=\toks17

(/usr/local/texlive/2015/texmf-dist/tex/latex/ucs/utf8x.def
File: utf8x.def 2004/10/17 UCS: Input encoding UTF-8
))
(/usr/local/texlive/2015/texmf-dist/tex/latex/ucs/ucs.sty
Package: ucs 2013/05/11 v2.2 UCS: Unicode input support

(/usr/local/texlive/2015/texmf-dist/tex/latex/ucs/data/uni-global.def
File: uni-global.def 2013/05/13 UCS: Unicode global data
)
\uc@secondtry=\count104
\uc@combtoks=\toks18
\uc@combtoksb=\toks19
\uc@temptokena=\toks20
)
(/usr/local/texlive/2015/texmf-dist/tex/latex/tools/array.sty
Package: array 2014/10/28 v2.4c Tabular extension package (FMi)
\col@sep=\dimen137
\extrarowheight=\dimen138
\NC@list=\toks21
\extratabsurround=\skip46
\backup@length=\skip47
)
(/usr/local/texlive/2015/texmf-dist/tex/latex/float/float.sty
Package: float 2001/11/08 v1.3d Float enhancements (AL)
\c@float@type=\count105
\float@exts=\toks22
\float@box=\box54
\@float@everytoks=\toks23
\@floatcapt=\box55
)
(/usr/local/texlive/2015/texmf-dist/tex/latex/listings/listings.sty
\lst@mode=\count106
\lst@gtempboxa=\box56
\lst@token=\toks24
\lst@length=\count107
\lst@currlwidth=\dimen139
\lst@column=\count108
\lst@pos=\count109
\lst@lostspace=\dimen140
\lst@width=\dimen141
\lst@newlines=\count110
\lst@lineno=\count111
\lst@maxwidth=\dimen142

(/usr/local/texlive/2015/texmf-dist/tex/latex/listings/lstmisc.sty
File: lstmisc.sty 2014/09/06 1.5e (Carsten Heinz)
\c@lstnumber=\count112
\lst@skipnumbers=\count113
\lst@framebox=\box57
)
(/usr/local/texlive/2015/texmf-dist/tex/latex/listings/listings.cfg
File: listings.cfg 2014/09/06 1.5e listings configuration
))
Package: listings 2014/09/06 1.5e (Carsten Heinz)

(./IEEE_a57816_tp2.aux)
\openout1 = `IEEE_a57816_tp2.aux'.

LaTeX Font Info:    Checking defaults for OML/cmm/m/it on input line 345.
LaTeX Font Info:    ... okay on input line 345.
LaTeX Font Info:    Checking defaults for T1/cmr/m/n on input line 345.
LaTeX Font Info:    ... okay on input line 345.
LaTeX Font Info:    Checking defaults for OT1/cmr/m/n on input line 345.
LaTeX Font Info:    ... okay on input line 345.
LaTeX Font Info:    Checking defaults for OMS/cmsy/m/n on input line 345.
LaTeX Font Info:    ... okay on input line 345.
LaTeX Font Info:    Checking defaults for OMX/cmex/m/n on input line 345.
LaTeX Font Info:    ... okay on input line 345.
LaTeX Font Info:    Checking defaults for U/cmr/m/n on input line 345.
LaTeX Font Info:    ... okay on input line 345.

-- Lines per column: 58 (exact).
(/usr/local/texlive/2015/texmf-dist/tex/context/base/supp-pdf.mkii
[Loading MPS to PDF converter (version 2006.09.02).]
\scratchcounter=\count114
\scratchdimen=\dimen143
\scratchbox=\box58
\nofMPsegments=\count115
\nofMParguments=\count116
\everyMPshowfont=\toks25
\MPscratchCnt=\count117
\MPscratchDim=\dimen144
\MPnumerator=\count118
\makeMPintoPDFobject=\count119
\everyMPtoPDFconversion=\toks26
) (/usr/local/texlive/2015/texmf-dist/tex/latex/ucs/ucsencs.def
File: ucsencs.def 2011/01/21 Fixes to fontencodings LGR, T3
)
\c@lstlisting=\count120
LaTeX Font Info:    Try loading font information for OT1+phv on input line 398.


(/usr/local/texlive/2015/texmf-dist/tex/latex/psnfss/ot1phv.fd
File: ot1phv.fd 2001/06/04 scalable font definitions for OT1/phv.
)
LaTeX Font Info:    Font shape `OT1/ptm/bx/n' in size <14.05249> not available
(Font)              Font shape `OT1/ptm/b/n' tried instead on input line 398.

(/usr/local/texlive/2015/texmf-dist/tex/latex/ucs/data/uni-0.def
File: uni-0.def 2013/05/13 UCS: Unicode data U+0000..U+00FF
)
LaTeX Font Info:    Calculating math sizes for size <10.03749> on input line 44
4.
LaTeX Font Info:    External font `cmex10' loaded for size
(Font)              <10.03749> on input line 444.
LaTeX Font Info:    External font `cmex10' loaded for size
(Font)              <7.0262> on input line 444.
LaTeX Font Info:    External font `cmex10' loaded for size
(Font)              <5.01874> on input line 444.
LaTeX Font Info:    Calculating math sizes for size <8.03> on input line 470.
LaTeX Font Info:    External font `cmex10' loaded for size
(Font)              <8.03> on input line 470.
LaTeX Font Info:    External font `cmex10' loaded for size
(Font)              <5.62097> on input line 470.
LaTeX Font Info:    External font `cmex10' loaded for size
(Font)              <4.015> on input line 470.
LaTeX Font Info:    Try loading font information for OMS+ptm on input line 475.


(/usr/local/texlive/2015/texmf-dist/tex/latex/psnfss/omsptm.fd
File: omsptm.fd 
)
LaTeX Font Info:    Font shape `OMS/ptm/m/n' in size <5.62097> not available
(Font)              Font shape `OMS/cmsy/m/n' tried instead on input line 475.
LaTeX Font Info:    Calculating math sizes for size <5.62097> on input line 475
.


LaTeX Font Warning: Font shape `OT1/cmr/m/n' in size <2.81049> not available
(Font)              size <5> substituted on input line 475.


LaTeX Font Warning: Font shape `OML/cmm/m/it' in size <2.81049> not available
(Font)              size <5> substituted on input line 475.


LaTeX Font Warning: Font shape `OMS/cmsy/m/n' in size <2.81049> not available
(Font)              size <5> substituted on input line 475.

LaTeX Font Info:    External font `cmex10' loaded for size
(Font)              <3.93466> on input line 475.
LaTeX Font Info:    External font `cmex10' loaded for size
(Font)              <2.81049> on input line 475.

Underfull \vbox (badness 10000) has occurred while \output is active []

 [1{/usr/local/texlive/2015/texmf-var/fonts/map/pdftex/updmap/pdftex.map}


]
LaTeX Font Info:    Font shape `OT1/ptm/bx/sc' in size <8.03> not available
(Font)              Font shape `OT1/ptm/b/sc' tried instead on input line 492.

Underfull \hbox (badness 2142) in paragraph at lines 644--645
[]\OT1/ptm/m/n/10.03749 Em adi[][]ao []a forma de c[]alculo do tempo m[]edio
 []

Package epstopdf Info: Source file: <EPS/time_create_8T.eps>
(epstopdf)                    date: 2016-03-15 02:06:15
(epstopdf)                    size: 115899 bytes
(epstopdf)             Output file: <EPS/time_create_8T-eps-converted-to.pdf>
(epstopdf)                    date: 2016-03-15 02:38:45
(epstopdf)                    size: 12796 bytes
(epstopdf)             Command: <repstopdf --outfile=EPS/time_create_8T-eps-con
verted-to.pdf EPS/time_create_8T.eps>
(epstopdf)             \includegraphics on input line 650.
Package epstopdf Info: Output file is already uptodate.
<EPS/time_create_8T-eps-converted-to.pdf, id=10, 682.55pt x 682.55pt>
File: EPS/time_create_8T-eps-converted-to.pdf Graphic file (type pdf)

<use EPS/time_create_8T-eps-converted-to.pdf>
Package pdftex.def Info: EPS/time_create_8T-eps-converted-to.pdf used on input 
line 650.
(pdftex.def)             Requested size: 268.30386pt x 268.30765pt.

Overfull \hbox (24.39261pt too wide) in paragraph at lines 650--651
 [][] 
 []

Package epstopdf Info: Source file: <EPS/time_create_16T.eps>
(epstopdf)                    date: 2016-03-15 02:04:28
(epstopdf)                    size: 120599 bytes
(epstopdf)             Output file: <EPS/time_create_16T-eps-converted-to.pdf>
(epstopdf)                    date: 2016-03-15 02:38:46
(epstopdf)                    size: 13385 bytes
(epstopdf)             Command: <repstopdf --outfile=EPS/time_create_16T-eps-co
nverted-to.pdf EPS/time_create_16T.eps>
(epstopdf)             \includegraphics on input line 658.
Package epstopdf Info: Output file is already uptodate.
<EPS/time_create_16T-eps-converted-to.pdf, id=11, 682.55pt x 682.55pt>
File: EPS/time_create_16T-eps-converted-to.pdf Graphic file (type pdf)

<use EPS/time_create_16T-eps-converted-to.pdf>
Package pdftex.def Info: EPS/time_create_16T-eps-converted-to.pdf used on input
 line 658.
(pdftex.def)             Requested size: 268.30386pt x 268.30765pt.

Overfull \hbox (24.39261pt too wide) in paragraph at lines 658--659
 [][] 
 []


Underfull \vbox (badness 10000) has occurred while \output is active []

 [2 <./EPS/time_create_8T-eps-converted-to.pdf>]
Package epstopdf Info: Source file: <EPS/time_create_32T.eps>
(epstopdf)                    date: 2016-03-15 02:07:45
(epstopdf)                    size: 124312 bytes
(epstopdf)             Output file: <EPS/time_create_32T-eps-converted-to.pdf>
(epstopdf)                    date: 2016-03-15 02:38:46
(epstopdf)                    size: 13909 bytes
(epstopdf)             Command: <repstopdf --outfile=EPS/time_create_32T-eps-co
nverted-to.pdf EPS/time_create_32T.eps>
(epstopdf)             \includegraphics on input line 665.
Package epstopdf Info: Output file is already uptodate.

<EPS/time_create_32T-eps-converted-to.pdf, id=30, 682.55pt x 682.55pt>
File: EPS/time_create_32T-eps-converted-to.pdf Graphic file (type pdf)

<use EPS/time_create_32T-eps-converted-to.pdf>
Package pdftex.def Info: EPS/time_create_32T-eps-converted-to.pdf used on input
 line 665.
(pdftex.def)             Requested size: 268.30386pt x 268.30765pt.

Overfull \hbox (24.39261pt too wide) in paragraph at lines 665--666
 [][] 
 []


Underfull \hbox (badness 2922) in paragraph at lines 670--670
[]\OT1/ptm/m/n/10.03749 Denote que para to-dos os ca-sos dis-tin-tos, []e na
 []

[3 <./EPS/time_create_16T-eps-converted-to.pdf> <./EPS/time_create_32T-eps-conv
erted-to.pdf>]
Package epstopdf Info: Source file: <EPS/time_all.eps>
(epstopdf)                    date: 2016-03-15 05:15:02
(epstopdf)                    size: 207770 bytes
(epstopdf)             Output file: <EPS/time_all-eps-converted-to.pdf>
(epstopdf)                    date: 2016-03-15 05:15:56
(epstopdf)                    size: 16050 bytes
(epstopdf)             Command: <repstopdf --outfile=EPS/time_all-eps-converted
-to.pdf EPS/time_all.eps>
(epstopdf)             \includegraphics on input line 709.
Package epstopdf Info: Output file is already uptodate.
 <EPS/time_all-eps-converted-to.pdf, id=60, 963.6pt x 722.7pt>
File: EPS/time_all-eps-converted-to.pdf Graphic file (type pdf)

<use EPS/time_all-eps-converted-to.pdf>
Package pdftex.def Info: EPS/time_all-eps-converted-to.pdf used on input line 7
09.
(pdftex.def)             Requested size: 268.30386pt x 201.21878pt.

Overfull \hbox (24.39261pt too wide) in paragraph at lines 709--710
 [][] 
 []

./IEEE_a57816_tp2.tex:710: Argument of \@tempf has an extra }.
<inserted text> 
                \par 
l.710 ...ra conclusão do Processo nos nós 431} }
                                                  
? 
Runaway argument?
\@captype {\@firstoftwo {\nobreak \@xcentercr }}\def \reserved@b {\@xcentercr \
ETC.
./IEEE_a57816_tp2.tex:710: Paragraph ended before \@tempf was complete.
<to be read again> 
                   \par 
l.710 ...ra conclusão do Processo nos nós 431} }
                                                  
? 

Underfull \hbox (badness 2057) in paragraph at lines 715--715
\OT1/ptm/m/n/10.03749 necess[]ario para par-alelizar ker-nels. En-quanto que vi
a
 []


Underfull \vbox (badness 10000) has occurred while \output is active []


Overfull \hbox (5.422pt too wide) in paragraph at lines 720--721
[][][][][][][][][][][][][] 
 []

LaTeX Font Info:    Font shape `OMS/ptm/m/n' in size <9.03374> not available
(Font)              Font shape `OMS/cmsy/m/n' tried instead on input line 721.

Overfull \hbox (16.26257pt too wide) in paragraph at lines 722--723
[][][][][][][][][][][][][][][][][][] 
 []

LaTeX Font Info:    Try loading font information for OML+ptm on input line 723.

(/usr/local/texlive/2015/texmf-dist/tex/latex/psnfss/omlptm.fd
File: omlptm.fd 
)
LaTeX Font Info:    Font shape `OML/ptm/m/n' in size <9.03374> not available
(Font)              Font shape `OML/cmm/m/it' tried instead on input line 723.
LaTeX Font Info:    Calculating math sizes for size <9.03374> on input line 723
.
LaTeX Font Info:    External font `cmex10' loaded for size
(Font)              <9.03374> on input line 723.
LaTeX Font Info:    External font `cmex10' loaded for size
(Font)              <6.32358> on input line 723.
LaTeX Font Info:    External font `cmex10' loaded for size
(Font)              <4.51686> on input line 723.

Overfull \hbox (10.84229pt too wide) in paragraph at lines 723--724
[][][][][][][][][][][][][][][][][][][][][] 
 []

Package epstopdf Info: Source file: <EPS/time_omp.eps>
(epstopdf)                    date: 2016-03-15 05:14:23
(epstopdf)                    size: 211164 bytes
(epstopdf)             Output file: <EPS/time_omp-eps-converted-to.pdf>
(epstopdf)                    date: 2016-03-15 05:15:58
(epstopdf)                    size: 17583 bytes
(epstopdf)             Command: <repstopdf --outfile=EPS/time_omp-eps-converted
-to.pdf EPS/time_omp.eps>
(epstopdf)             \includegraphics on input line 739.
Package epstopdf Info: Output file is already uptodate.
<EPS/time_omp-eps-converted-to.pdf, id=61, 963.6pt x 722.7pt>
File: EPS/time_omp-eps-converted-to.pdf Graphic file (type pdf)

<use EPS/time_omp-eps-converted-to.pdf>
Package pdftex.def Info: EPS/time_omp-eps-converted-to.pdf used on input line 7
39.
(pdftex.def)             Requested size: 268.30386pt x 201.21878pt.

Overfull \hbox (24.39261pt too wide) in paragraph at lines 739--740
 [][] 
 []

./IEEE_a57816_tp2.tex:740: Argument of \@tempf has an extra }.
<inserted text> 
                \par 
l.740 ...ra conclusão do Processo nos nós 431} }
                                                  
? 
Runaway argument?
\@captype {\@firstoftwo {\nobreak \@xcentercr }}\def \reserved@b {\@xcentercr \
ETC.
./IEEE_a57816_tp2.tex:740: Paragraph ended before \@tempf was complete.
<to be read again> 
                   \par 
l.740 ...ra conclusão do Processo nos nós 431} }
                                                  
? 
[4 <./EPS/time_all-eps-converted-to.pdf> <./EPS/time_omp-eps-converted-to.pdf>]

** Conference Paper **
Before submitting the final camera ready copy, remember to:

 1. Manually equalize the lengths of two columns on the last page
 of your paper;

 2. Ensure that any PostScript and/or PDF output post-processing
 uses only Type 1 fonts and that every step in the generation
 process uses the appropriate paper size.

[5

] (./IEEE_a57816_tp2.aux)

LaTeX Font Warning: Size substitutions with differences
(Font)              up to 2.18951pt have occurred.

 ) 
Here is how much of TeX's memory you used:
 5256 strings out of 493089
 78734 string characters out of 6134842
 158819 words of memory out of 5000000
 8662 multiletter control sequences out of 15000+600000
 48305 words of font info for 86 fonts, out of 8000000 for 9000
 1144 hyphenation exceptions out of 8191
 42i,16n,32p,940b,1242s stack positions out of 5000i,500n,10000p,200000b,80000s
{/usr/local/texlive/2015/texmf-dist/fonts/enc/dvips/base/8r.enc}</usr/local/t
exlive/2015/texmf-dist/fonts/type1/public/amsfonts/cm/cmmi8.pfb></usr/local/tex
live/2015/texmf-dist/fonts/type1/public/amsfonts/cm/cmmi9.pfb></usr/local/texli
ve/2015/texmf-dist/fonts/type1/public/amsfonts/cm/cmsy6.pfb></usr/local/texlive
/2015/texmf-dist/fonts/type1/public/amsfonts/cm/cmsy7.pfb></usr/local/texlive/2
015/texmf-dist/fonts/type1/public/amsfonts/cm/cmsy9.pfb></usr/local/texlive/201
5/texmf-dist/fonts/type1/urw/times/utmb8a.pfb></usr/local/texlive/2015/texmf-di
st/fonts/type1/urw/times/utmr8a.pfb></usr/local/texlive/2015/texmf-dist/fonts/t
ype1/urw/times/utmri8a.pfb>
Output written on IEEE_a57816_tp2.pdf (5 pages, 155351 bytes).
PDF statistics:
 131 PDF objects out of 1000 (max. 8388607)
 93 compressed objects within 1 object stream
 0 named destinations out of 1000 (max. 500000)
 26 words of extra memory for PDF output out of 10000 (max. 10000000)

